 ==== Loading modules... ===== 
Loading gcc/12.2.0
  Loading requirement: zlib-ng/2.1.6-jkgunjc zstd/1.5.6-uq5yyux binutils/2.42
Loading netcdf-fortran/4.6.1--openmpi--4.1.6--gcc--12.2.0-spack0.22
  Loading requirement: glibc/2.28--gcc--12.2.0-gi6mmti
    gcc-runtime/12.2.0--gcc--12.2.0-dqfwf7y bzip2/1.0.8-ib3znej
    lz4/1.9.4--gcc--12.2.0-dcavnmi snappy/1.1.10--gcc--12.2.0-gagtosp
    c-blosc/1.21.5--gcc--12.2.0-buk7w2l numactl/2.0.14--gcc--12.2.0-cxzp4ci
    libiconv/1.17-nhc3mhm xz/5.4.6-xxxg42c libxml2/2.10.3-zbbe7lm
    ncurses/6.5-svfl57u pigz/2.8-5bwzpml tar/1.34-jgektnv gettext/0.22.5-hsxgafg
    krb5/1.20.1-n4kmebh libedit/3.1-20230828-nme7boz libxcrypt/4.4.35-7om46b5
    openssh/9.7p1-tk2b5yv openmpi/4.1.6--gcc--12.2.0-cuda-12.2 pkgconf/2.2.0
    hdf5/1.14.3--openmpi--4.1.6--gcc--12.2.0-spack0.22
    libaec/1.0.6--gcc--12.2.0-blqbmai
    parallel-netcdf/1.12.3--openmpi--4.1.6--gcc--12.2.0-spack0.22
    netcdf-c/4.9.2--openmpi--4.1.6--gcc--12.2.0-spack0.22
 ==== Building Project... ===== 
make: Entering directory '/leonardo_scratch/large/userexternal/abasyoun/ATM_Model_onlyOACC_iHmRkN/parallel'
rm -f *.o *.mod model *.nc
make: Leaving directory '/leonardo_scratch/large/userexternal/abasyoun/ATM_Model_onlyOACC_iHmRkN/parallel'
make: Entering directory '/leonardo_scratch/large/userexternal/abasyoun/ATM_Model_onlyOACC_iHmRkN/parallel'
mpifort -fpic -cpp -O3 -march=native -mtune=native -Ofast -ffast-math -funroll-loops -fopenacc -foffload=nvptx-none=-lm -I/leonardo/prod/opt/compilers/cuda/12.6/none/include -I. -I/leonardo/prod/spack/06/install/0.22/linux-rhel8-icelake/gcc-12.2.0/netcdf-fortran-4.6.1-ogdfdz4prxhxb6hk56irs7tkl66osy3f/include -D_OACC -DUSE_NVTX -c module_nvtx.F90
mpifort -fpic -cpp -O3 -march=native -mtune=native -Ofast -ffast-math -funroll-loops -fopenacc -foffload=nvptx-none=-lm -I/leonardo/prod/opt/compilers/cuda/12.6/none/include -I. -I/leonardo/prod/spack/06/install/0.22/linux-rhel8-icelake/gcc-12.2.0/netcdf-fortran-4.6.1-ogdfdz4prxhxb6hk56irs7tkl66osy3f/include -D_OACC -DUSE_NVTX -c module_parameters.f90
mpifort -fpic -cpp -O3 -march=native -mtune=native -Ofast -ffast-math -funroll-loops -fopenacc -foffload=nvptx-none=-lm -I/leonardo/prod/opt/compilers/cuda/12.6/none/include -I. -I/leonardo/prod/spack/06/install/0.22/linux-rhel8-icelake/gcc-12.2.0/netcdf-fortran-4.6.1-ogdfdz4prxhxb6hk56irs7tkl66osy3f/include -D_OACC -DUSE_NVTX -c module_types.F90
mpifort -fpic -cpp -O3 -march=native -mtune=native -Ofast -ffast-math -funroll-loops -fopenacc -foffload=nvptx-none=-lm -I/leonardo/prod/opt/compilers/cuda/12.6/none/include -I. -I/leonardo/prod/spack/06/install/0.22/linux-rhel8-icelake/gcc-12.2.0/netcdf-fortran-4.6.1-ogdfdz4prxhxb6hk56irs7tkl66osy3f/include -D_OACC -DUSE_NVTX -c module_physics.f90
mpifort -fpic -cpp -O3 -march=native -mtune=native -Ofast -ffast-math -funroll-loops -fopenacc -foffload=nvptx-none=-lm -I/leonardo/prod/opt/compilers/cuda/12.6/none/include -I. -I/leonardo/prod/spack/06/install/0.22/linux-rhel8-icelake/gcc-12.2.0/netcdf-fortran-4.6.1-ogdfdz4prxhxb6hk56irs7tkl66osy3f/include -D_OACC -DUSE_NVTX -c module_output.F90
mpifort -fpic -cpp -O3 -march=native -mtune=native -Ofast -ffast-math -funroll-loops -fopenacc -foffload=nvptx-none=-lm -I/leonardo/prod/opt/compilers/cuda/12.6/none/include -I. -I/leonardo/prod/spack/06/install/0.22/linux-rhel8-icelake/gcc-12.2.0/netcdf-fortran-4.6.1-ogdfdz4prxhxb6hk56irs7tkl66osy3f/include -D_OACC -DUSE_NVTX model.f90 -o model *.o -L/leonardo/prod/spack/06/install/0.22/linux-rhel8-icelake/gcc-12.2.0/netcdf-fortran-4.6.1-ogdfdz4prxhxb6hk56irs7tkl66osy3f/lib -lnetcdff -lnetcdf -lstdc++ -lm -L/leonardo/prod/opt/compilers/cuda/12.6/none/lib64 -lnvToolsExt
make: Leaving directory '/leonardo_scratch/large/userexternal/abasyoun/ATM_Model_onlyOACC_iHmRkN/parallel'
